<?xml version="1.0" encoding="UTF-8"?>
<!-- Generated by org.testng.reporters.JUnitReportReporter -->
<testsuite skipped="0" hostname="LAPTOP-JKEI96O7" name="newwindowstabs.NewWindowsTabs" tests="2" failures="0" timestamp="19 Oct 2019 16:57:39 GMT" time="13.169" errors="0">
  <testcase name="openNewWindow" time="4.747" classname="newwindowstabs.NewWindowsTabs"/>
  <testcase name="openNewTab" time="8.422" classname="newwindowstabs.NewWindowsTabs"/>
</testsuite> <!-- newwindowstabs.NewWindowsTabs -->
