<?xml version="1.0" encoding="UTF-8"?>
<!-- Generated by org.testng.reporters.JUnitReportReporter -->
<testsuite skipped="0" hostname="LAPTOP-JKEI96O7" name="fillo.Fillo1" tests="1" failures="0" timestamp="16 Nov 2019 18:13:40 GMT" time="0.587" errors="0">
  <testcase name="test" time="0.587" classname="fillo.Fillo1"/>
</testsuite> <!-- fillo.Fillo1 -->
