<?xml version="1.0" encoding="UTF-8"?>
<!-- Generated by org.testng.reporters.JUnitReportReporter -->
<testsuite skipped="0" hostname="LAPTOP-JKEI96O7" name="InitializeBrowser" tests="2" failures="0" timestamp="08 Oct 2019 10:32:57 GMT" time="22.296" errors="0">
  <testcase name="initializeBrowser" time="18.420" classname="InitializeBrowser"/>
  <testcase name="selectherbalTea" time="3.876" classname="InitializeBrowser"/>
</testsuite> <!-- InitializeBrowser -->
