<?xml version="1.0" encoding="UTF-8"?>
<!-- Generated by org.testng.reporters.JUnitReportReporter -->
<testsuite skipped="0" hostname="LAPTOP-JKEI96O7" name="testrunner.MethodCalling" tests="2" failures="0" timestamp="12 Oct 2019 19:33:08 GMT" time="14.100" errors="0">
  <testcase name="launchApplication" time="9.681" classname="testrunner.MethodCalling"/>
  <testcase name="loginMethods" time="4.419" classname="testrunner.MethodCalling"/>
</testsuite> <!-- testrunner.MethodCalling -->
