<?xml version="1.0" encoding="UTF-8"?>
<!-- Generated by org.testng.reporters.JUnitReportReporter -->
<testsuite skipped="0" hostname="LAPTOP-JKEI96O7" name="testrunner.MethodCallingTest" tests="4" failures="0" timestamp="12 Oct 2019 20:10:14 GMT" time="20.085" errors="0">
  <testcase name="launchApplication" time="11.824" classname="testrunner.MethodCallingTest"/>
  <testcase name="enterbookName" time="0.762" classname="testrunner.MethodCallingTest"/>
  <testcase name="clickOnSearchButton" time="5.608" classname="testrunner.MethodCallingTest"/>
  <testcase name="selectBookFromTheList" time="1.891" classname="testrunner.MethodCallingTest"/>
</testsuite> <!-- testrunner.MethodCallingTest -->
