<?xml version="1.0" encoding="UTF-8"?>
<!-- Generated by org.testng.reporters.JUnitReportReporter -->
<testsuite skipped="0" hostname="LAPTOP-JKEI96O7" name="testrunner.MethodCallingTest" tests="3" failures="0" timestamp="13 Oct 2019 16:42:20 GMT" time="11.373" errors="0">
  <testcase name="enterbookName" time="1.097" classname="testrunner.MethodCallingTest"/>
  <testcase name="clickOnSearchButton" time="6.116" classname="testrunner.MethodCallingTest"/>
  <testcase name="selectBookFromTheList" time="4.160" classname="testrunner.MethodCallingTest"/>
</testsuite> <!-- testrunner.MethodCallingTest -->
