<?xml version="1.0" encoding="UTF-8"?>
<!-- Generated by org.testng.reporters.JUnitReportReporter -->
<testsuite skipped="0" hostname="LAPTOP-JKEI96O7" name="webdrivermanager.WebDriverManagerTest" tests="1" failures="0" timestamp="20 Oct 2019 13:58:31 GMT" time="30.745" errors="0">
  <testcase name="initializeWebDriverManager" time="30.745" classname="webdrivermanager.WebDriverManagerTest"/>
</testsuite> <!-- webdrivermanager.WebDriverManagerTest -->
