<?xml version="1.0" encoding="UTF-8"?>
<!-- Generated by org.testng.reporters.JUnitReportReporter -->
<testsuite skipped="0" hostname="LAPTOP-JKEI96O7" name="webdrivermanager.WebDriverManagerFirefoxDemo" tests="1" failures="0" timestamp="20 Oct 2019 14:12:39 GMT" time="20.425" errors="0">
  <testcase name="webdriverManagerForFirefox" time="20.425" classname="webdrivermanager.WebDriverManagerFirefoxDemo"/>
</testsuite> <!-- webdrivermanager.WebDriverManagerFirefoxDemo -->
