<?xml version="1.0" encoding="UTF-8"?>
<!-- Generated by org.testng.reporters.JUnitReportReporter -->
<testsuite skipped="0" hostname="LAPTOP-JKEI96O7" name="webdrivermanager.WebDriverManagerFirefox" tests="1" failures="0" timestamp="20 Oct 2019 14:07:30 GMT" time="21.489" errors="0">
  <testcase name="webdriverManagerForFirefox" time="21.489" classname="webdrivermanager.WebDriverManagerFirefox"/>
</testsuite> <!-- webdrivermanager.WebDriverManagerFirefox -->
