<?xml version="1.0" encoding="UTF-8"?>
<!-- Generated by org.testng.reporters.JUnitReportReporter -->
<testsuite skipped="0" hostname="LAPTOP-JKEI96O7" name="screenshot.ElementScreenshot" tests="3" failures="0" timestamp="16 Oct 2019 18:42:12 GMT" time="35.999" errors="0">
  <testcase name="initializeBrowser" time="23.324" classname="screenshot.ElementScreenshot"/>
  <testcase name="clickOnLoginButton" time="3.041" classname="screenshot.ElementScreenshot"/>
  <testcase name="enterUsername" time="9.634" classname="screenshot.ElementScreenshot"/>
</testsuite> <!-- screenshot.ElementScreenshot -->
