<?xml version="1.0" encoding="UTF-8"?>
<!-- Generated by org.testng.reporters.JUnitReportReporter -->
<testsuite skipped="0" hostname="SDF4-110-AVINASH" name="screenshot.TakeElementScreenshot" tests="3" failures="0" timestamp="15 Oct 2019 14:35:28 GMT" time="25.191" errors="0">
  <testcase name="initializeBrowser" time="14.911" classname="screenshot.TakeElementScreenshot"/>
  <testcase name="clickOnLoginButton" time="1.039" classname="screenshot.TakeElementScreenshot"/>
  <testcase name="enterUsername" time="9.241" classname="screenshot.TakeElementScreenshot"/>
</testsuite> <!-- screenshot.TakeElementScreenshot -->
