<?xml version="1.0" encoding="UTF-8"?>
<!-- Generated by org.testng.reporters.JUnitReportReporter -->
<testsuite skipped="0" hostname="LAPTOP-JKEI96O7" name="ExpectedConditionTitle" tests="1" failures="0" timestamp="08 Oct 2019 14:03:02 GMT" time="12.095" errors="0">
  <testcase name="verifyTitleExpectedCondition" time="12.095" classname="ExpectedConditionTitle"/>
</testsuite> <!-- ExpectedConditionTitle -->
